<?xml version="1.0" encoding="UTF-8"?>
<testsuite xmlns:xsi="http://www.w3.org/2001/XMLSchema-instance" xsi:noNamespaceSchemaLocation="https://maven.apache.org/surefire/maven-surefire-plugin/xsd/surefire-test-report.xsd" version="3.0.2" name="runners.TestRunner" time="12.358" tests="5" errors="0" skipped="0" failures="0">
  <properties>
[...]
</properties>
  <testcase name="Successful login with valid credentials" classname="Login functionality on The Internet" time="3.233">
    <system-out><![CDATA[
Scenario Outline: Successful login with valid credentials                      # src/test/resources/features/auth.feature:15
  Given the user is on the login page                                          # steps.LoginSteps.the_user_is_on_the_login_page()
  When the user enters username "tomsmith" and password "SuperSecretPassword!" # steps.LoginSteps.the_user_enters_username_and_password(java.lang.String,java.lang.String)
  And the user clicks the login button                                         # steps.LoginSteps.the_user_clicks_the_login_button()
  Then the user should be redirected to the secure area                        # steps.LoginSteps.the_user_should_be_redirected_to_the_secure_area()
  And a success "You logged into a secure area!" should be displayed           # steps.LoginSteps.a_success_message_should_be_displayed(java.lang.String)
]]></system-out>
    <system-err><![CDATA[Mar 19, 2026 5:38:32 AM org.openqa.selenium.devtools.CdpVersionFinder findNearestMatch
WARNING: Unable to find CDP implementation matching 146
Mar 19, 2026 5:38:32 AM org.openqa.selenium.chromium.ChromiumDriver lambda$new$5
WARNING: Unable to find version of CDP to use for 146.0.7680.153. You may need to include a dependency on a specific version of the CDP using something similar to `org.seleniumhq.selenium:selenium-devtools-v86:4.18.1` where the version ("v86") matches the version of the chromium-based browser you're using and the version number of the artifact is the same as Selenium's.
]]></system-err>
  </testcase>
  <testcase name="Verify default checkbox states" classname="Checkboxes functionality" time="1.319">
    <system-out><![CDATA[
Scenario: Verify default checkbox states      # src/test/resources/features/checkboxes.feature:6
  Given the user is on the checkboxes page    # steps.CheckboxSteps.goToCheckboxPage()
  Then the first checkbox should be unchecked # steps.CheckboxSteps.firstCheckboxUnchecked()
  And the second checkbox should be checked   # steps.CheckboxSteps.secondCheckboxChecked()
]]></system-out>
    <system-err><![CDATA[Mar 19, 2026 5:38:33 AM org.openqa.selenium.devtools.CdpVersionFinder findNearestMatch
WARNING: Unable to find CDP implementation matching 146
Mar 19, 2026 5:38:33 AM org.openqa.selenium.chromium.ChromiumDriver lambda$new$5
WARNING: Unable to find version of CDP to use for 146.0.7680.153. You may need to include a dependency on a specific version of the CDP using something similar to `org.seleniumhq.selenium:selenium-devtools-v86:4.18.1` where the version ("v86") matches the version of the chromium-based browser you're using and the version number of the artifact is the same as Selenium's.
]]></system-err>
  </testcase>
  <testcase name="Select the first checkbox" classname="Checkboxes functionality" time="1.745">
    <system-out><![CDATA[
Scenario: Select the first checkbox         # src/test/resources/features/checkboxes.feature:11
  Given the user is on the checkboxes page  # steps.CheckboxSteps.goToCheckboxPage()
  When the user selects the first checkbox  # steps.CheckboxSteps.selectFirstCheckbox()
  Then the first checkbox should be checked # steps.CheckboxSteps.firstCheckboxChecked()
]]></system-out>
    <system-err><![CDATA[Mar 19, 2026 5:38:35 AM org.openqa.selenium.devtools.CdpVersionFinder findNearestMatch
WARNING: Unable to find CDP implementation matching 146
Mar 19, 2026 5:38:35 AM org.openqa.selenium.chromium.ChromiumDriver lambda$new$5
WARNING: Unable to find version of CDP to use for 146.0.7680.153. You may need to include a dependency on a specific version of the CDP using something similar to `org.seleniumhq.selenium:selenium-devtools-v86:4.18.1` where the version ("v86") matches the version of the chromium-based browser you're using and the version number of the artifact is the same as Selenium's.
]]></system-err>
  </testcase>
  <testcase name="Unselect the second checkbox" classname="Checkboxes functionality" time="1.571">
    <system-out><![CDATA[
Scenario: Unselect the second checkbox         # src/test/resources/features/checkboxes.feature:16
  Given the user is on the checkboxes page     # steps.CheckboxSteps.goToCheckboxPage()
  When the user unselects the second checkbox  # steps.CheckboxSteps.unselectSecondCheckbox()
  Then the second checkbox should be unchecked # steps.CheckboxSteps.secondCheckboxUnchecked()
]]></system-out>
    <system-err><![CDATA[Mar 19, 2026 5:38:36 AM org.openqa.selenium.devtools.CdpVersionFinder findNearestMatch
WARNING: Unable to find CDP implementation matching 146
Mar 19, 2026 5:38:36 AM org.openqa.selenium.chromium.ChromiumDriver lambda$new$5
WARNING: Unable to find version of CDP to use for 146.0.7680.153. You may need to include a dependency on a specific version of the CDP using something similar to `org.seleniumhq.selenium:selenium-devtools-v86:4.18.1` where the version ("v86") matches the version of the chromium-based browser you're using and the version number of the artifact is the same as Selenium's.
]]></system-err>
  </testcase>
  <testcase name="Search for a term" classname="Google Search" time="3.156">
    <system-out><![CDATA[
Scenario: Search for a term                 # src/test/resources/features/google_search.feature:3
  Given I am on the Google search page      # steps.SearchSteps.i_am_on_the_google_search_page()
  When I search for "GitHub"                # steps.SearchSteps.i_search_for(java.lang.String)
  Then I should see "GitHub" in the results # steps.SearchSteps.i_should_see_in_the_results(java.lang.String)
]]></system-out>
    <system-err><![CDATA[Mar 19, 2026 5:38:38 AM org.openqa.selenium.devtools.CdpVersionFinder findNearestMatch
WARNING: Unable to find CDP implementation matching 146
Mar 19, 2026 5:38:38 AM org.openqa.selenium.chromium.ChromiumDriver lambda$new$5
WARNING: Unable to find version of CDP to use for 146.0.7680.153. You may need to include a dependency on a specific version of the CDP using something similar to `org.seleniumhq.selenium:selenium-devtools-v86:4.18.1` where the version ("v86") matches the version of the chromium-based browser you're using and the version number of the artifact is the same as Selenium's.
]]></system-err>
  </testcase>
</testsuite>