<?xml version="1.0" encoding="UTF-8" standalone="no"?>
<testsuite errors="0" failures="0" name="io.cucumber.core.plugin.JUnitFormatter" skipped="0" tests="5" time="11.17">
    <testcase classname="Login functionality on The Internet" name="Successful login with valid credentials" time="3.083">
        <system-out><![CDATA[Given the user is on the login page.........................................passed
When the user enters username "tomsmith" and password "SuperSecretPassword!".passed
And the user clicks the login button........................................passed
Then the user should be redirected to the secure area.......................passed
And a success "You logged into a secure area!" should be displayed..........passed
]]></system-out>
    </testcase>
    <testcase classname="Checkboxes functionality" name="Verify default checkbox states" time="1.309">
        <system-out><![CDATA[Given the user is on the checkboxes page....................................passed
Then the first checkbox should be unchecked.................................passed
And the second checkbox should be checked...................................passed
]]></system-out>
    </testcase>
    <testcase classname="Checkboxes functionality" name="Select the first checkbox" time="1.727">
        <system-out><![CDATA[Given the user is on the checkboxes page....................................passed
When the user selects the first checkbox....................................passed
Then the first checkbox should be checked...................................passed
]]></system-out>
    </testcase>
    <testcase classname="Checkboxes functionality" name="Unselect the second checkbox" time="1.557">
        <system-out><![CDATA[Given the user is on the checkboxes page....................................passed
When the user unselects the second checkbox.................................passed
Then the second checkbox should be unchecked................................passed
]]></system-out>
    </testcase>
    <testcase classname="Google Search" name="Search for a term" time="3.14">
        <system-out><![CDATA[Given I am on the Google search page........................................passed
When I search for "GitHub"..................................................passed
Then I should see "GitHub" in the results...................................passed
]]></system-out>
    </testcase>
</testsuite>
